<?xml version="1.0" encoding="UTF-8" ?>
<testsuite failures="0" time="0.014" errors="0" skipped="0" tests="2" name="willjt.banking.transactions.base.TransactionWithAPositiveAmountTest">
  <properties>
[...]
</properties>
  <testcase time="0.008" classname="willjt.banking.transactions.base.TransactionWithAPositiveAmountTest" name="shouldThrowAnIllegalArgumentExceptionIfRequestedToCreateATransactionWithANegativeAmount"/>
  <testcase time="0" classname="willjt.banking.transactions.base.TransactionWithAPositiveAmountTest" name="shouldThrowAnIllegalArgumentExceptionIfRequestedToCreateATransactionWithAZeroAmount"/>
</testsuite>